[2026-05-29 10:00:30] ERROR: file_not_found: test_file.txt
[2026-05-29 10:16:18] ERROR: file_not_found: test_file.txt
[2026-05-29 10:16:42] ERROR: invalid_param: 抽题失败
[2026-05-29 10:18:15] ERROR: invalid_param: 抽题失败
[2026-05-29 10:31:01] ERROR: invalid_param: 抽题失败
[2026-05-29 10:42:10] ERROR: invalid_param: 抽题失败
[2026-05-29 11:42:02] ERROR: invalid_param: 抽题失败
[2026-05-29 12:13:06] ERROR: file_not_found: test_file.txt
[2026-05-29 13:22:08] ERROR: invalid_param: 抽题失败
[2026-05-29 17:18:08] ERROR: invalid_param: 抽题失败
[2026-05-29 17:19:37] ERROR: invalid_param: 抽题失败
[2026-05-29 17:19:47] ERROR: invalid_param: 抽题失败
[2026-05-29 17:20:10] ERROR: file_not_found: test_file.txt
[2026-05-29 17:20:22] ERROR: invalid_param: 抽题失败
[2026-06-02 09:23:33] Line 1: 题目：1+1等于几？
[2026-06-02 09:23:33] Line 2: 答案：2
[2026-06-02 09:23:33] Line 4: 题目：勾股定理公式？
[2026-06-02 09:23:33] Line 5: 答案：a²+b²=c²
[2026-06-02 09:23:33] Line 7: 这是一道测试用的错题
[2026-06-02 09:39:52] Line 1: 题目：1+1等于几？
[2026-06-02 09:39:52] Line 2: 答案：2
[2026-06-02 09:39:52] Line 4: 题目：勾股定理公式？
[2026-06-02 09:39:52] Line 5: 答案：a²+b²=c²
[2026-06-02 09:39:52] Line 7: 这是一道测试用的错题
[2026-06-02 09:42:47] Line 1: 题目：1+1等于几？
[2026-06-02 09:42:47] Line 2: 答案：2
[2026-06-02 09:42:47] Line 4: 题目：勾股定理公式？
[2026-06-02 09:42:47] Line 5: 答案：a²+b²=c²
[2026-06-02 09:42:47] Line 7: 这是一道测试用的错题
[2026-06-01 22:44:02] ERROR in "今日无待复习错题" (line "复习提醒"):
  Command: notify-send
  Exit code: 1
  Working Directory: /root/222/scripts/core
  ----------------------------------------
[2026-06-01 22:52:43] ERROR in "今日无待复习错题" (line "复习提醒"):
  Command: notify-send
  Exit code: 1
  Working Directory: /root/222/scripts/core
  ----------------------------------------
[2026-06-03 22:44:39] ERROR in 155 (line 0):
  Command: return
  Exit code: 1
  Working Directory: /home/2511803109/error_note_system/scripts/core
  ----------------------------------------
[2026-06-03 23:50:14] ERROR in ./review_notify.sh (line 180):
  Command: ((review_count++))
  Exit code: 1
  Working Directory: /home/2511803109/error_note_system/scripts/core
  ----------------------------------------
[2026-06-04 00:22:47] ERROR in ./review_notify.sh (line 180):
  Command: ((review_count++))
  Exit code: 1
  Working Directory: /home/2511803109/error_note_system/scripts/core
  ----------------------------------------
[2026-06-04 11:09:06] ERROR in $revision_file (line $file_path):
  Command: cp
  Exit code: 1
  Working Directory: /home/2511803109/error_note_system/scripts/core
  ----------------------------------------
[2026-06-04 11:26:42] ERROR in ./stat_report.sh (line 135):
  Command: EOF
  Exit code: 127
  Working Directory: /home/2511803109/error_note_system/scripts/core
  ----------------------------------------
[2026-06-04 11:27:07] ERROR in ./stat_report.sh (line 135):
  Command: EOF
  Exit code: 127
  Working Directory: /home/2511803109/error_note_system/scripts/core
  ----------------------------------------
[2026-06-04 11:27:27] ERROR in ./stat_report.sh (line 135):
  Command: EOF
  Exit code: 127
  Working Directory: /home/2511803109/error_note_system/scripts/core
  ----------------------------------------
[2026-06-04 11:28:08] ERROR in ./stat_report.sh (line 135):
  Command: EOF
  Exit code: 127
  Working Directory: /home/2511803109/error_note_system/scripts/core
  ----------------------------------------
[2026-06-04 11:28:27] ERROR in ./stat_report.sh (line 135):
  Command: EOF
  Exit code: 127
  Working Directory: /home/2511803109/error_note_system/scripts/core
  ----------------------------------------
[2026-06-04 12:11:35] ERROR in ./stat_report.sh (line 135):
  Command: EOF
  Exit code: 127
  Working Directory: /home/2511803109/error_note_system/scripts/core
  ----------------------------------------
[2026-06-04 12:15:15] ERROR in "用户输入了无效的科目序号: (line "ERROR"):
  Command: log
  Exit code: 127
  Working Directory: /home/2511803109/error_note_system/scripts/core
  ----------------------------------------
