[2026-05-24 14:55:13] [INFO] 用户选择了科目: 数学
[2026-05-24 14:56:57] [INFO] 成功录入错题，ID: 1779605817579，存储路径: ../../data/subjects/数学/2026/05/24/1779605817579_20260524_145657.md
[2026-05-24 15:02:55] [INFO] 用户选择了科目: 英语
[2026-05-24 15:02:55] [ERROR] 用户输入了空的题干
[2026-05-24 15:03:18] [INFO] 用户选择了科目: 数学
[2026-05-24 15:07:30] [INFO] 用户选择了科目: 数学
[2026-05-24 15:08:35] [INFO] 用户取消了重复错题的录入
[2026-05-24 15:15:54] [INFO] 备份错题 1779605817579 到 ../../data/revisions/1779605817579/20260524_151554.bak
[2026-05-24 15:16:13] [INFO] 修改了错题 1779605817579 的题干
[2026-05-24 15:16:20] [INFO] 备份错题 1779605817579 到 ../../data/revisions/1779605817579/20260524_151620.bak
[2026-05-24 17:24:52] [INFO] 用户选择了科目: 数学
[2026-05-24 17:25:29] [INFO] 成功录入错题，ID: 1779614729722，存储路径: ../../data/subjects/数学/2026/05/24/1779614729722_20260524_172529.md
[2026-05-24 17:46:24] [INFO] 备份错题 1779605817579 到 ../../data/revisions/1779605817579/20260524_174624.bak
[2026-05-24 17:46:48] [INFO] 修改了错题 1779605817579 的题干
[2026-05-24 17:47:44] [INFO] 备份错题 1779614729722 到 ../../data/revisions/1779614729722/20260524_174744.bak
[2026-05-24 17:53:43] [INFO] 用户选择了科目: 数学
[2026-05-24 17:54:05] [INFO] 用户选择了科目: 数学
[2026-05-24 17:54:36] [INFO] 成功录入错题，ID: 1，存储路径: ../../data/subjects/数学/2026/05/24/1_20260524_175436.md
[2026-05-24 17:54:47] [INFO] 用户选择了科目: 数学
[2026-05-24 17:56:07] [INFO] 用户选择了科目: 数学
[2026-05-24 17:56:37] [INFO] 用户选择了科目: 数学
[2026-05-24 17:57:06] [INFO] 成功录入错题，ID: 2，存储路径: ../../data/subjects/数学/2026/05/24/2_20260524_175706.md
[2026-05-24 17:57:19] [INFO] 备份错题 1 到 ../../data/revisions/1/20260524_175719.bak
[2026-05-24 22:30:38] [INFO] 用户选择了科目: 数学
[2026-05-24 22:31:05] [INFO] 成功录入错题，ID: 1，存储路径: ../../data/subjects/数学/2026/05/24/1_20260524_223105.md
[2026-05-24 22:31:11] [INFO] 用户选择了科目: 数学
[2026-05-24 22:31:38] [INFO] 用户选择了科目: 数学
[2026-05-24 22:32:00] [INFO] 成功录入错题，ID: 2，存储路径: ../../data/subjects/数学/2026/05/24/2_20260524_223200.md
[2026-06-03 20:41:32] [INFO] 备份错题 1 到 ../../data/revisions/1/20260603_204132.bak
